build/app/intermediates/manifest_merge_blame_file/debug/manifest-merger-blame-debug-report.txt
1<?xml version="1.0" encoding="utf-8"?>
2<manifest xmlns:android="http://schemas.android.com/apk/res/android"
3    package="com.sonitech.pharma"
4    android:versionCode="1"
5    android:versionName="1.0.0" >
6
7    <uses-sdk
8        android:minSdkVersion="21"
9        android:targetSdkVersion="35" />
10    <!--
11         The INTERNET permission is required for development. Specifically,
12         the Flutter tool needs it to communicate with the running application
13         to allow setting breakpoints, to provide hot reload, etc.
14    -->
15    <uses-permission android:name="android.permission.INTERNET" />
15-->src/main/AndroidManifest.xml:3:5-67
15-->src/main/AndroidManifest.xml:3:22-64
16    <uses-permission android:name="android.permission.READ_MEDIA_IMAGES" />
16-->src/main/AndroidManifest.xml:4:5-75
16-->src/main/AndroidManifest.xml:4:22-73
17    <uses-permission android:name="android.permission.READ_EXTERNAL_STORAGE" />
17-->src/main/AndroidManifest.xml:5:5-79
17-->src/main/AndroidManifest.xml:5:22-77
18    <uses-permission android:name="android.permission.CAMERA" />
18-->src/main/AndroidManifest.xml:6:5-64
18-->src/main/AndroidManifest.xml:6:22-62
19    <uses-permission android:name="android.permission.READ_MEDIA_IMAGES" />
19-->src/main/AndroidManifest.xml:4:5-75
19-->src/main/AndroidManifest.xml:4:22-73
20    <!--
21 Required to query activities that can process text, see:
22         https://developer.android.com/training/package-visibility and
23         https://developer.android.com/reference/android/content/Intent#ACTION_PROCESS_TEXT.
24
25         In particular, this is used by the Flutter engine in io.flutter.plugin.text.ProcessTextPlugin.
26    -->
27    <queries>
27-->src/main/AndroidManifest.xml:58:5-63:15
28        <intent>
28-->src/main/AndroidManifest.xml:59:9-62:18
29            <action android:name="android.intent.action.PROCESS_TEXT" />
29-->src/main/AndroidManifest.xml:60:13-72
29-->src/main/AndroidManifest.xml:60:21-70
30
31            <data android:mimeType="text/plain" />
31-->src/main/AndroidManifest.xml:61:13-50
31-->src/main/AndroidManifest.xml:61:19-48
32        </intent>
33    </queries> <!-- Although the *SdkVersion is captured in gradle build files, this is required for non gradle builds -->
34    <!-- <uses-sdk android:minSdkVersion="21"/> -->
35    <uses-permission android:name="android.permission.ACCESS_NETWORK_STATE" />
35-->[com.google.firebase:firebase-database:21.0.0] AndroidManifest.xml:22:5-79
35-->[com.google.firebase:firebase-database:21.0.0] AndroidManifest.xml:22:22-76
36    <uses-permission android:name="android.permission.WAKE_LOCK" />
36-->[com.google.android.gms:play-services-measurement-api:22.3.0] AndroidManifest.xml:24:5-68
36-->[com.google.android.gms:play-services-measurement-api:22.3.0] AndroidManifest.xml:24:22-65
37    <uses-permission android:name="com.google.android.gms.permission.AD_ID" />
37-->[com.google.android.gms:play-services-measurement-api:22.3.0] AndroidManifest.xml:25:5-79
37-->[com.google.android.gms:play-services-measurement-api:22.3.0] AndroidManifest.xml:25:22-76
38    <uses-permission android:name="android.permission.ACCESS_ADSERVICES_ATTRIBUTION" />
38-->[com.google.android.gms:play-services-measurement-api:22.3.0] AndroidManifest.xml:26:5-88
38-->[com.google.android.gms:play-services-measurement-api:22.3.0] AndroidManifest.xml:26:22-85
39    <uses-permission android:name="android.permission.ACCESS_ADSERVICES_AD_ID" />
39-->[com.google.android.gms:play-services-measurement-api:22.3.0] AndroidManifest.xml:27:5-82
39-->[com.google.android.gms:play-services-measurement-api:22.3.0] AndroidManifest.xml:27:22-79
40    <uses-permission android:name="com.google.android.finsky.permission.BIND_GET_INSTALL_REFERRER_SERVICE" />
40-->[com.google.android.gms:play-services-measurement:22.3.0] AndroidManifest.xml:26:5-110
40-->[com.google.android.gms:play-services-measurement:22.3.0] AndroidManifest.xml:26:22-107
41
42    <permission
42-->[androidx.core:core:1.13.1] AndroidManifest.xml:22:5-24:47
43        android:name="com.sonitech.pharma.DYNAMIC_RECEIVER_NOT_EXPORTED_PERMISSION"
43-->[androidx.core:core:1.13.1] AndroidManifest.xml:23:9-81
44        android:protectionLevel="signature" />
44-->[androidx.core:core:1.13.1] AndroidManifest.xml:24:9-44
45
46    <uses-permission android:name="com.sonitech.pharma.DYNAMIC_RECEIVER_NOT_EXPORTED_PERMISSION" />
46-->[androidx.core:core:1.13.1] AndroidManifest.xml:26:5-97
46-->[androidx.core:core:1.13.1] AndroidManifest.xml:26:22-94
47
48    <application
49        android:name="android.app.Application"
50        android:appComponentFactory="androidx.core.app.CoreComponentFactory"
50-->[androidx.core:core:1.13.1] AndroidManifest.xml:28:18-86
51        android:debuggable="true"
52        android:extractNativeLibs="true"
53        android:icon="@mipmap/ic_launcher"
54        android:label="pharma" >
55        <activity
56            android:name="com.sonitech.pharma.MainActivity"
57            android:configChanges="orientation|keyboardHidden|keyboard|screenSize|smallestScreenSize|locale|layoutDirection|fontScale|screenLayout|density|uiMode"
58            android:exported="true"
59            android:hardwareAccelerated="true"
60            android:launchMode="singleTop"
61            android:screenOrientation="portrait"
62            android:taskAffinity=""
63            android:theme="@style/LaunchTheme"
64            android:windowSoftInputMode="adjustResize" >
65
66            <!--
67                 Specifies an Android theme to apply to this Activity as soon as
68                 the Android process has started. This theme is visible to the user
69                 while the Flutter UI initializes. After that, this theme continues
70                 to determine the Window background behind the Flutter UI.
71            -->
72            <meta-data
73                android:name="io.flutter.embedding.android.NormalTheme"
74                android:resource="@style/NormalTheme" />
75
76            <intent-filter>
77                <action android:name="android.intent.action.MAIN" />
78
79                <category android:name="android.intent.category.LAUNCHER" />
80            </intent-filter>
81        </activity>
82
83        <provider
84            android:name="androidx.core.content.FileProvider"
85            android:authorities="com.sonitech.pharma.fileprovider"
86            android:exported="false"
87            android:grantUriPermissions="true" >
88            <meta-data
88-->[:image_picker_android] AndroidManifest.xml:14:13-16:75
89                android:name="android.support.FILE_PROVIDER_PATHS"
89-->[:image_picker_android] AndroidManifest.xml:15:17-67
90                android:resource="@xml/provider_path" />
90-->[:image_picker_android] AndroidManifest.xml:16:17-72
91        </provider>
92
93        <!--
94             Don't delete the meta-data below.
95             This is used by the Flutter tool to generate GeneratedPluginRegistrant.java
96        -->
97        <meta-data
98            android:name="flutterEmbedding"
99            android:value="2" />
100
101        <service
101-->[:firebase_database] AndroidManifest.xml:8:9-12:19
102            android:name="com.google.firebase.components.ComponentDiscoveryService"
102-->[:firebase_database] AndroidManifest.xml:8:18-89
103            android:directBootAware="true"
103-->[com.google.firebase:firebase-common:21.0.0] AndroidManifest.xml:32:13-43
104            android:exported="false" >
104-->[com.google.firebase:firebase-database:21.0.0] AndroidManifest.xml:28:13-37
105            <meta-data
105-->[:firebase_database] AndroidManifest.xml:9:13-11:85
106                android:name="com.google.firebase.components:io.flutter.plugins.firebase.database.FlutterFirebaseAppRegistrar"
106-->[:firebase_database] AndroidManifest.xml:10:17-127
107                android:value="com.google.firebase.components.ComponentRegistrar" />
107-->[:firebase_database] AndroidManifest.xml:11:17-82
108            <meta-data
108-->[:firebase_core] AndroidManifest.xml:9:13-11:85
109                android:name="com.google.firebase.components:io.flutter.plugins.firebase.core.FlutterFirebaseCoreRegistrar"
109-->[:firebase_core] AndroidManifest.xml:10:17-124
110                android:value="com.google.firebase.components.ComponentRegistrar" />
110-->[:firebase_core] AndroidManifest.xml:11:17-82
111            <meta-data
111-->[com.google.firebase:firebase-database:21.0.0] AndroidManifest.xml:29:13-31:85
112                android:name="com.google.firebase.components:com.google.firebase.database.FirebaseDatabaseKtxRegistrar"
112-->[com.google.firebase:firebase-database:21.0.0] AndroidManifest.xml:30:17-120
113                android:value="com.google.firebase.components.ComponentRegistrar" />
113-->[com.google.firebase:firebase-database:21.0.0] AndroidManifest.xml:31:17-82
114            <meta-data
114-->[com.google.firebase:firebase-database:21.0.0] AndroidManifest.xml:32:13-34:85
115                android:name="com.google.firebase.components:com.google.firebase.database.DatabaseRegistrar"
115-->[com.google.firebase:firebase-database:21.0.0] AndroidManifest.xml:33:17-109
116                android:value="com.google.firebase.components.ComponentRegistrar" />
116-->[com.google.firebase:firebase-database:21.0.0] AndroidManifest.xml:34:17-82
117            <meta-data
117-->[com.google.android.gms:play-services-measurement-api:22.3.0] AndroidManifest.xml:33:13-35:85
118                android:name="com.google.firebase.components:com.google.firebase.analytics.connector.internal.AnalyticsConnectorRegistrar"
118-->[com.google.android.gms:play-services-measurement-api:22.3.0] AndroidManifest.xml:34:17-139
119                android:value="com.google.firebase.components.ComponentRegistrar" />
119-->[com.google.android.gms:play-services-measurement-api:22.3.0] AndroidManifest.xml:35:17-82
120            <meta-data
120-->[com.google.firebase:firebase-installations:18.0.0] AndroidManifest.xml:15:13-17:85
121                android:name="com.google.firebase.components:com.google.firebase.installations.FirebaseInstallationsKtxRegistrar"
121-->[com.google.firebase:firebase-installations:18.0.0] AndroidManifest.xml:16:17-130
122                android:value="com.google.firebase.components.ComponentRegistrar" />
122-->[com.google.firebase:firebase-installations:18.0.0] AndroidManifest.xml:17:17-82
123            <meta-data
123-->[com.google.firebase:firebase-installations:18.0.0] AndroidManifest.xml:18:13-20:85
124                android:name="com.google.firebase.components:com.google.firebase.installations.FirebaseInstallationsRegistrar"
124-->[com.google.firebase:firebase-installations:18.0.0] AndroidManifest.xml:19:17-127
125                android:value="com.google.firebase.components.ComponentRegistrar" />
125-->[com.google.firebase:firebase-installations:18.0.0] AndroidManifest.xml:20:17-82
126            <meta-data
126-->[com.google.firebase:firebase-common-ktx:21.0.0] AndroidManifest.xml:12:13-14:85
127                android:name="com.google.firebase.components:com.google.firebase.ktx.FirebaseCommonLegacyRegistrar"
127-->[com.google.firebase:firebase-common-ktx:21.0.0] AndroidManifest.xml:13:17-116
128                android:value="com.google.firebase.components.ComponentRegistrar" />
128-->[com.google.firebase:firebase-common-ktx:21.0.0] AndroidManifest.xml:14:17-82
129            <meta-data
129-->[com.google.firebase:firebase-common:21.0.0] AndroidManifest.xml:35:13-37:85
130                android:name="com.google.firebase.components:com.google.firebase.FirebaseCommonKtxRegistrar"
130-->[com.google.firebase:firebase-common:21.0.0] AndroidManifest.xml:36:17-109
131                android:value="com.google.firebase.components.ComponentRegistrar" />
131-->[com.google.firebase:firebase-common:21.0.0] AndroidManifest.xml:37:17-82
132        </service>
133
134        <provider
134-->[:image_picker_android] AndroidManifest.xml:9:9-17:20
135            android:name="io.flutter.plugins.imagepicker.ImagePickerFileProvider"
135-->[:image_picker_android] AndroidManifest.xml:10:13-82
136            android:authorities="com.sonitech.pharma.flutter.image_provider"
136-->[:image_picker_android] AndroidManifest.xml:11:13-74
137            android:exported="false"
137-->[:image_picker_android] AndroidManifest.xml:12:13-37
138            android:grantUriPermissions="true" >
138-->[:image_picker_android] AndroidManifest.xml:13:13-47
139            <meta-data
139-->[:image_picker_android] AndroidManifest.xml:14:13-16:75
140                android:name="android.support.FILE_PROVIDER_PATHS"
140-->[:image_picker_android] AndroidManifest.xml:15:17-67
141                android:resource="@xml/flutter_image_picker_file_paths" />
141-->[:image_picker_android] AndroidManifest.xml:16:17-72
142        </provider> <!-- Trigger Google Play services to install the backported photo picker module. -->
143        <service
143-->[:image_picker_android] AndroidManifest.xml:19:9-31:19
144            android:name="com.google.android.gms.metadata.ModuleDependencies"
144-->[:image_picker_android] AndroidManifest.xml:20:13-78
145            android:enabled="false"
145-->[:image_picker_android] AndroidManifest.xml:21:13-36
146            android:exported="false" >
146-->[:image_picker_android] AndroidManifest.xml:22:13-37
147            <intent-filter>
147-->[:image_picker_android] AndroidManifest.xml:24:13-26:29
148                <action android:name="com.google.android.gms.metadata.MODULE_DEPENDENCIES" />
148-->[:image_picker_android] AndroidManifest.xml:25:17-94
148-->[:image_picker_android] AndroidManifest.xml:25:25-91
149            </intent-filter>
150
151            <meta-data
151-->[:image_picker_android] AndroidManifest.xml:28:13-30:36
152                android:name="photopicker_activity:0:required"
152-->[:image_picker_android] AndroidManifest.xml:29:17-63
153                android:value="" />
153-->[:image_picker_android] AndroidManifest.xml:30:17-33
154        </service>
155
156        <provider
156-->[com.google.firebase:firebase-common:21.0.0] AndroidManifest.xml:23:9-28:39
157            android:name="com.google.firebase.provider.FirebaseInitProvider"
157-->[com.google.firebase:firebase-common:21.0.0] AndroidManifest.xml:24:13-77
158            android:authorities="com.sonitech.pharma.firebaseinitprovider"
158-->[com.google.firebase:firebase-common:21.0.0] AndroidManifest.xml:25:13-72
159            android:directBootAware="true"
159-->[com.google.firebase:firebase-common:21.0.0] AndroidManifest.xml:26:13-43
160            android:exported="false"
160-->[com.google.firebase:firebase-common:21.0.0] AndroidManifest.xml:27:13-37
161            android:initOrder="100" />
161-->[com.google.firebase:firebase-common:21.0.0] AndroidManifest.xml:28:13-36
162
163        <receiver
163-->[com.google.android.gms:play-services-measurement:22.3.0] AndroidManifest.xml:29:9-33:20
164            android:name="com.google.android.gms.measurement.AppMeasurementReceiver"
164-->[com.google.android.gms:play-services-measurement:22.3.0] AndroidManifest.xml:30:13-85
165            android:enabled="true"
165-->[com.google.android.gms:play-services-measurement:22.3.0] AndroidManifest.xml:31:13-35
166            android:exported="false" >
166-->[com.google.android.gms:play-services-measurement:22.3.0] AndroidManifest.xml:32:13-37
167        </receiver>
168
169        <service
169-->[com.google.android.gms:play-services-measurement:22.3.0] AndroidManifest.xml:35:9-38:40
170            android:name="com.google.android.gms.measurement.AppMeasurementService"
170-->[com.google.android.gms:play-services-measurement:22.3.0] AndroidManifest.xml:36:13-84
171            android:enabled="true"
171-->[com.google.android.gms:play-services-measurement:22.3.0] AndroidManifest.xml:37:13-35
172            android:exported="false" />
172-->[com.google.android.gms:play-services-measurement:22.3.0] AndroidManifest.xml:38:13-37
173        <service
173-->[com.google.android.gms:play-services-measurement:22.3.0] AndroidManifest.xml:39:9-43:72
174            android:name="com.google.android.gms.measurement.AppMeasurementJobService"
174-->[com.google.android.gms:play-services-measurement:22.3.0] AndroidManifest.xml:40:13-87
175            android:enabled="true"
175-->[com.google.android.gms:play-services-measurement:22.3.0] AndroidManifest.xml:41:13-35
176            android:exported="false"
176-->[com.google.android.gms:play-services-measurement:22.3.0] AndroidManifest.xml:42:13-37
177            android:permission="android.permission.BIND_JOB_SERVICE" />
177-->[com.google.android.gms:play-services-measurement:22.3.0] AndroidManifest.xml:43:13-69
178
179        <activity
179-->[com.google.android.gms:play-services-base:18.5.0] AndroidManifest.xml:5:9-173
180            android:name="com.google.android.gms.common.api.GoogleApiActivity"
180-->[com.google.android.gms:play-services-base:18.5.0] AndroidManifest.xml:5:19-85
181            android:exported="false"
181-->[com.google.android.gms:play-services-base:18.5.0] AndroidManifest.xml:5:146-170
182            android:theme="@android:style/Theme.Translucent.NoTitleBar" />
182-->[com.google.android.gms:play-services-base:18.5.0] AndroidManifest.xml:5:86-145
183
184        <provider
184-->[androidx.lifecycle:lifecycle-process:2.7.0] AndroidManifest.xml:24:9-32:20
185            android:name="androidx.startup.InitializationProvider"
185-->[androidx.lifecycle:lifecycle-process:2.7.0] AndroidManifest.xml:25:13-67
186            android:authorities="com.sonitech.pharma.androidx-startup"
186-->[androidx.lifecycle:lifecycle-process:2.7.0] AndroidManifest.xml:26:13-68
187            android:exported="false" >
187-->[androidx.lifecycle:lifecycle-process:2.7.0] AndroidManifest.xml:27:13-37
188            <meta-data
188-->[androidx.lifecycle:lifecycle-process:2.7.0] AndroidManifest.xml:29:13-31:52
189                android:name="androidx.lifecycle.ProcessLifecycleInitializer"
189-->[androidx.lifecycle:lifecycle-process:2.7.0] AndroidManifest.xml:30:17-78
190                android:value="androidx.startup" />
190-->[androidx.lifecycle:lifecycle-process:2.7.0] AndroidManifest.xml:31:17-49
191            <meta-data
191-->[androidx.profileinstaller:profileinstaller:1.3.1] AndroidManifest.xml:29:13-31:52
192                android:name="androidx.profileinstaller.ProfileInstallerInitializer"
192-->[androidx.profileinstaller:profileinstaller:1.3.1] AndroidManifest.xml:30:17-85
193                android:value="androidx.startup" />
193-->[androidx.profileinstaller:profileinstaller:1.3.1] AndroidManifest.xml:31:17-49
194        </provider>
195
196        <uses-library
196-->[androidx.window:window:1.2.0] AndroidManifest.xml:23:9-25:40
197            android:name="androidx.window.extensions"
197-->[androidx.window:window:1.2.0] AndroidManifest.xml:24:13-54
198            android:required="false" />
198-->[androidx.window:window:1.2.0] AndroidManifest.xml:25:13-37
199        <uses-library
199-->[androidx.window:window:1.2.0] AndroidManifest.xml:26:9-28:40
200            android:name="androidx.window.sidecar"
200-->[androidx.window:window:1.2.0] AndroidManifest.xml:27:13-51
201            android:required="false" />
201-->[androidx.window:window:1.2.0] AndroidManifest.xml:28:13-37
202        <uses-library
202-->[androidx.privacysandbox.ads:ads-adservices:1.1.0-beta11] AndroidManifest.xml:23:9-25:40
203            android:name="android.ext.adservices"
203-->[androidx.privacysandbox.ads:ads-adservices:1.1.0-beta11] AndroidManifest.xml:24:13-50
204            android:required="false" />
204-->[androidx.privacysandbox.ads:ads-adservices:1.1.0-beta11] AndroidManifest.xml:25:13-37
205
206        <meta-data
206-->[com.google.android.gms:play-services-basement:18.5.0] AndroidManifest.xml:21:9-23:69
207            android:name="com.google.android.gms.version"
207-->[com.google.android.gms:play-services-basement:18.5.0] AndroidManifest.xml:22:13-58
208            android:value="@integer/google_play_services_version" />
208-->[com.google.android.gms:play-services-basement:18.5.0] AndroidManifest.xml:23:13-66
209
210        <receiver
210-->[androidx.profileinstaller:profileinstaller:1.3.1] AndroidManifest.xml:34:9-52:20
211            android:name="androidx.profileinstaller.ProfileInstallReceiver"
211-->[androidx.profileinstaller:profileinstaller:1.3.1] AndroidManifest.xml:35:13-76
212            android:directBootAware="false"
212-->[androidx.profileinstaller:profileinstaller:1.3.1] AndroidManifest.xml:36:13-44
213            android:enabled="true"
213-->[androidx.profileinstaller:profileinstaller:1.3.1] AndroidManifest.xml:37:13-35
214            android:exported="true"
214-->[androidx.profileinstaller:profileinstaller:1.3.1] AndroidManifest.xml:38:13-36
215            android:permission="android.permission.DUMP" >
215-->[androidx.profileinstaller:profileinstaller:1.3.1] AndroidManifest.xml:39:13-57
216            <intent-filter>
216-->[androidx.profileinstaller:profileinstaller:1.3.1] AndroidManifest.xml:40:13-42:29
217                <action android:name="androidx.profileinstaller.action.INSTALL_PROFILE" />
217-->[androidx.profileinstaller:profileinstaller:1.3.1] AndroidManifest.xml:41:17-91
217-->[androidx.profileinstaller:profileinstaller:1.3.1] AndroidManifest.xml:41:25-88
218            </intent-filter>
219            <intent-filter>
219-->[androidx.profileinstaller:profileinstaller:1.3.1] AndroidManifest.xml:43:13-45:29
220                <action android:name="androidx.profileinstaller.action.SKIP_FILE" />
220-->[androidx.profileinstaller:profileinstaller:1.3.1] AndroidManifest.xml:44:17-85
220-->[androidx.profileinstaller:profileinstaller:1.3.1] AndroidManifest.xml:44:25-82
221            </intent-filter>
222            <intent-filter>
222-->[androidx.profileinstaller:profileinstaller:1.3.1] AndroidManifest.xml:46:13-48:29
223                <action android:name="androidx.profileinstaller.action.SAVE_PROFILE" />
223-->[androidx.profileinstaller:profileinstaller:1.3.1] AndroidManifest.xml:47:17-88
223-->[androidx.profileinstaller:profileinstaller:1.3.1] AndroidManifest.xml:47:25-85
224            </intent-filter>
225            <intent-filter>
225-->[androidx.profileinstaller:profileinstaller:1.3.1] AndroidManifest.xml:49:13-51:29
226                <action android:name="androidx.profileinstaller.action.BENCHMARK_OPERATION" />
226-->[androidx.profileinstaller:profileinstaller:1.3.1] AndroidManifest.xml:50:17-95
226-->[androidx.profileinstaller:profileinstaller:1.3.1] AndroidManifest.xml:50:25-92
227            </intent-filter>
228        </receiver>
229    </application>
230
231</manifest>